<?xml version="1.0" encoding="UTF-8"?>
<!-- Generated by org.testng.reporters.JUnitReportReporter -->
<testsuite hostname="Yuvan" failures="0" tests="1" name="com.runner.openmrsrunner" time="14.187" errors="0" timestamp="2024-11-22T11:27:05 IST" skipped="0">
  <testcase classname="com.runner.openmrsrunner" name="validlogintest" time="14.187"/>
  <system-out/>
</testsuite> <!-- com.runner.openmrsrunner -->
