<?xml version="1.0" encoding="UTF-8"?>
<!-- Generated by org.testng.reporters.JUnitReportReporter -->
<testsuite hostname="Yuvan" failures="0" tests="3" name="com.testNG.simpleannotation" time="0.017" errors="0" timestamp="2024-11-18T13:48:32 IST" skipped="0">
  <testcase classname="com.testNG.simpleannotation" name="women" time="0.006"/>
  <system-out/>
  <testcase classname="com.testNG.simpleannotation" name="men" time="0.009"/>
  <system-out/>
  <testcase classname="com.testNG.simpleannotation" name="kids" time="0.002"/>
  <system-out/>
</testsuite> <!-- com.testNG.simpleannotation -->
