<?xml version="1.0" encoding="UTF-8"?>
<!-- Generated by org.testng.reporters.JUnitReportReporter -->
<testsuite hostname="Yuvan" failures="0" tests="3" name="com.testNG.dataprovidertest" time="20.558" errors="0" timestamp="2024-11-20T21:36:29 IST" skipped="0">
  <testcase classname="com.testNG.dataprovidertest" name="login" time="4.878"/>
  <system-out/>
  <testcase classname="com.testNG.dataprovidertest" name="login" time="8.782"/>
  <system-out/>
  <testcase classname="com.testNG.dataprovidertest" name="login" time="6.898"/>
  <system-out/>
</testsuite> <!-- com.testNG.dataprovidertest -->
