<?xml version="1.0" encoding="UTF-8"?>
<!-- Generated by org.testng.reporters.JUnitReportReporter -->
<testsuite hostname="Yuvan" failures="0" tests="8" name="com.testNG.invocationcount" time="38.508" errors="0" timestamp="2024-11-20T21:35:40 IST" skipped="0">
  <testcase classname="com.testNG.invocationcount" name="firefoxBrowser" time="8.373"/>
  <system-out/>
  <testcase classname="com.testNG.invocationcount" name="chromeBrowser" time="3.895"/>
  <system-out/>
  <testcase classname="com.testNG.invocationcount" name="chromeBrowser" time="3.966"/>
  <system-out/>
  <testcase classname="com.testNG.invocationcount" name="chromeBrowser" time="4.065"/>
  <system-out/>
  <testcase classname="com.testNG.invocationcount" name="chromeBrowser" time="4.376"/>
  <system-out/>
  <testcase classname="com.testNG.invocationcount" name="chromeBrowser" time="3.871"/>
  <system-out/>
  <testcase classname="com.testNG.invocationcount" name="chromeBrowser" time="5.470"/>
  <system-out/>
  <testcase classname="com.testNG.invocationcount" name="edgeBrowser" time="4.492"/>
  <system-out/>
</testsuite> <!-- com.testNG.invocationcount -->
