<?xml version="1.0" encoding="UTF-8"?>
<!-- Generated by org.testng.reporters.JUnitReportReporter -->
<testsuite hostname="Yuvan" failures="0" tests="3" name="com.testNG.crossbrowsertesting" time="22.936" errors="0" timestamp="2024-11-18T13:48:32 IST" skipped="0">
  <testcase classname="com.testNG.crossbrowsertesting" name="firefoxBrowser" time="10.564"/>
  <system-out/>
  <testcase classname="com.testNG.crossbrowsertesting" name="chromeBrowser" time="6.186"/>
  <system-out/>
  <testcase classname="com.testNG.crossbrowsertesting" name="edgeBrowser" time="6.186"/>
  <system-out/>
</testsuite> <!-- com.testNG.crossbrowsertesting -->
